INFO:2023-07-24 at 01:33:26:__main__:Sending request for current weather conditions...
DEBUG:2023-07-24 at 01:33:26:urllib3.connectionpool:Starting new HTTP connection (1): api.weatherapi.com:80
DEBUG:2023-07-24 at 01:33:30:urllib3.connectionpool:http://api.weatherapi.com:80 "GET /v1/current.json?key=52ad3593c0d84e758dc175340232107&q=Islamabad HTTP/1.1" 200 None
INFO:2023-07-24 at 01:33:30:__main__:{'current': {'cloud': 21,
             'condition': {'code': 1000,
                           'icon': '//cdn.weatherapi.com/weather/64x64/night/113.png',
                           'text': 'Clear'},
             'feelslike_c': 30.2,
             'feelslike_f': 86.4,
             'gust_kph': 10.8,
             'gust_mph': 6.7,
             'humidity': 72,
             'is_day': 0,
             'last_updated': '2023-07-24 01:30',
             'last_updated_epoch': 1690144200,
             'precip_in': 0.0,
             'precip_mm': 0.0,
             'pressure_in': 29.63,
             'pressure_mb': 1003.0,
             'temp_c': 27.5,
             'temp_f': 81.5,
             'uv': 1.0,
             'vis_km': 10.0,
             'vis_miles': 6.0,
             'wind_degree': 57,
             'wind_dir': 'ENE',
             'wind_kph': 6.8,
             'wind_mph': 4.3},
 'location': {'country': 'Pakistan',
              'lat': 33.7,
              'localtime': '2023-07-24 1:33',
              'localtime_epoch': 1690144410,
              'lon': 73.17,
              'name': 'Islamabad',
              'region': 'Islamabad',
              'tz_id': 'Asia/Karachi'}}
INFO:2023-07-24 at 01:33:30:__main__:Sending request for past 2023-06-23 forecast...
DEBUG:2023-07-24 at 01:33:30:urllib3.connectionpool:Starting new HTTP connection (1): api.weatherapi.com:80
DEBUG:2023-07-24 at 01:33:31:urllib3.connectionpool:http://api.weatherapi.com:80 "GET /v1/history.json?key=52ad3593c0d84e758dc175340232107&q=Islamabad&dt=2023-06-23 HTTP/1.1" 200 None
INFO:2023-07-24 at 01:33:31:__main__:{'forecast': {'forecastday': [{'astro': {'moon_illumination': '20',
                                         'moon_phase': 'Waxing Crescent',
                                         'moonrise': '09:20 AM',
                                         'moonset': '11:08 PM',
                                         'sunrise': '04:58 AM',
                                         'sunset': '07:22 PM'},
                               'date': '2023-06-23',
                               'date_epoch': 1687478400,
                               'day': {'avghumidity': 24.0,
                                       'avgtemp_c': 40.5,
                                       'avgtemp_f': 104.9,
                                       'avgvis_km': 10.0,
                                       'avgvis_miles': 6.0,
                                       'condition': {'code': 1000,
                                                     'icon': '//cdn.weatherapi.com/weather/64x64/day/113.png',
                                                     'text': 'Sunny'},
                                       'maxtemp_c': 48.0,
                                       'maxtemp_f': 118.4,
                                       'maxwind_kph': 19.1,
                                       'maxwind_mph': 11.9,
                                       'mintemp_c': 33.4,
                                       'mintemp_f': 92.1,
                                       'totalprecip_in': 0.0,
                                       'totalprecip_mm': 0.0,
                                       'uv': 11.0},
                               'hour': [{'chance_of_rain': 0,
                                         'chance_of_snow': 0,
                                         'cloud': 0,
                                         'condition': {'code': 1000,
                                                       'icon': '//cdn.weatherapi.com/weather/64x64/night/113.png',
                                                       'text': 'Clear'},
                                         'dewpoint_c': 14.9,
                                         'dewpoint_f': 58.8,
                                         'feelslike_c': 36.3,
                                         'feelslike_f': 97.3,
                                         'gust_kph': 21.6,
                                         'gust_mph': 13.4,
                                         'heatindex_c': 36.3,
                                         'heatindex_f': 97.3,
                                         'humidity': 29,
                                         'is_day': 0,
                                         'precip_in': 0.0,
                                         'precip_mm': 0.0,
                                         'pressure_in': 29.44,
                                         'pressure_mb': 997.0,
                                         'temp_c': 35.8,
                                         'temp_f': 96.4,
                                         'time': '2023-06-23 00:00',
                                         'time_epoch': 1687460400,
                                         'uv': 1.0,
                                         'vis_km': 10.0,
                                         'vis_miles': 6.0,
                                         'will_it_rain': 0,
                                         'will_it_snow': 0,
                                         'wind_degree': 75,
                                         'wind_dir': 'ENE',
                                         'wind_kph': 11.2,
                                         'wind_mph': 6.9,
                                         'windchill_c': 35.8,
                                         'windchill_f': 96.4},
                                        {'chance_of_rain': 0,
                                         'chance_of_snow': 0,
                                         'cloud': 0,
                                         'condition': {'code': 1000,
                                                       'icon': '//cdn.weatherapi.com/weather/64x64/night/113.png',
                                                       'text': 'Clear'},
                                         'dewpoint_c': 15.2,
                                         'dewpoint_f': 59.4,
                                         'feelslike_c': 35.9,
                                         'feelslike_f': 96.6,
                                         'gust_kph': 20.2,
                                         'gust_mph': 12.5,
                                         'heatindex_c': 35.9,
                                         'heatindex_f': 96.6,
                                         'humidity': 30,
                                         'is_day': 0,
                                         'precip_in': 0.0,
                                         'precip_mm': 0.0,
                                         'pressure_in': 29.44,
                                         'pressure_mb': 997.0,
                                         'temp_c': 35.3,
                                         'temp_f': 95.5,
                                         'time': '2023-06-23 01:00',
                                         'time_epoch': 1687464000,
                                         'uv': 1.0,
                                         'vis_km': 10.0,
                                         'vis_miles': 6.0,
                                         'will_it_rain': 0,
                                         'will_it_snow': 0,
                                         'wind_degree': 82,
                                         'wind_dir': 'E',
                                         'wind_kph': 10.4,
                                         'wind_mph': 6.5,
                                         'windchill_c': 35.3,
                                         'windchill_f': 95.5},
                                        {'chance_of_rain': 0,
                                         'chance_of_snow': 0,
                                         'cloud': 0,
                                         'condition': {'code': 1000,
                                                       'icon': '//cdn.weatherapi.com/weather/64x64/night/113.png',
                                                       'text': 'Clear'},
                                         'dewpoint_c': 15.4,
                                         'dewpoint_f': 59.7,
                                         'feelslike_c': 35.2,
                                         'feelslike_f': 95.4,
                                         'gust_kph': 20.2,
                                         'gust_mph': 12.5,
                                         'heatindex_c': 35.2,
                                         'heatindex_f': 95.4,
                                         'humidity': 32,
                                         'is_day': 0,
                                         'precip_in': 0.0,
                                         'precip_mm': 0.0,
                                         'pressure_in': 29.44,
                                         'pressure_mb': 997.0,
                                         'temp_c': 34.7,
                                         'temp_f': 94.5,
                                         'time': '2023-06-23 02:00',
                                         'time_epoch': 1687467600,
                                         'uv': 1.0,
                                         'vis_km': 10.0,
                                         'vis_miles': 6.0,
                                         'will_it_rain': 0,
                                         'will_it_snow': 0,
                                         'wind_degree': 87,
                                         'wind_dir': 'E',
                                         'wind_kph': 10.4,
                                         'wind_mph': 6.5,
                                         'windchill_c': 34.7,
                                         'windchill_f': 94.5},
                                        {'chance_of_rain': 0,
                                         'chance_of_snow': 0,
                                         'cloud': 0,
                                         'condition': {'code': 1000,
                                                       'icon': '//cdn.weatherapi.com/weather/64x64/night/113.png',
                                                       'text': 'Clear'},
                                         'dewpoint_c': 15.6,
                                         'dewpoint_f': 60.1,
                                         'feelslike_c': 34.8,
                                         'feelslike_f': 94.6,
                                         'gust_kph': 20.2,
                                         'gust_mph': 12.5,
                                         'heatindex_c': 34.8,
                                         'heatindex_f': 94.6,
                                         'humidity': 33,
                                         'is_day': 0,
                                         'precip_in': 0.0,
                                         'precip_mm': 0.0,
                                         'pressure_in': 29.44,
                                         'pressure_mb': 997.0,
                                         'temp_c': 34.2,
                                         'temp_f': 93.6,
                                         'time': '2023-06-23 03:00',
                                         'time_epoch': 1687471200,
                                         'uv': 1.0,
                                         'vis_km': 10.0,
                                         'vis_miles': 6.0,
                                         'will_it_rain': 0,
                                         'will_it_snow': 0,
                                         'wind_degree': 81,
                                         'wind_dir': 'E',
                                         'wind_kph': 10.8,
                                         'wind_mph': 6.7,
                                         'windchill_c': 34.2,
                                         'windchill_f': 93.6},
                                        {'chance_of_rain': 0,
                                         'chance_of_snow': 0,
                                         'cloud': 2,
                                         'condition': {'code': 1000,
                                                       'icon': '//cdn.weatherapi.com/weather/64x64/night/113.png',
                                                       'text': 'Clear'},
                                         'dewpoint_c': 15.7,
                                         'dewpoint_f': 60.3,
                                         'feelslike_c': 34.3,
                                         'feelslike_f': 93.7,
                                         'gust_kph': 17.3,
                                         'gust_mph': 10.7,
                                         'heatindex_c': 34.3,
                                         'heatindex_f': 93.7,
                                         'humidity': 34,
                                         'is_day': 0,
                                         'precip_in': 0.0,
                                         'precip_mm': 0.0,
                                         'pressure_in': 29.45,
                                         'pressure_mb': 997.0,
                                         'temp_c': 33.7,
                                         'temp_f': 92.7,
                                         'time': '2023-06-23 04:00',
                                         'time_epoch': 1687474800,
                                         'uv': 1.0,
                                         'vis_km': 10.0,
                                         'vis_miles': 6.0,
                                         'will_it_rain': 0,
                                         'will_it_snow': 0,
                                         'wind_degree': 84,
                                         'wind_dir': 'E',
                                         'wind_kph': 9.4,
                                         'wind_mph': 5.8,
                                         'windchill_c': 33.7,
                                         'windchill_f': 92.7},
                                        {'chance_of_rain': 0,
                                         'chance_of_snow': 0,
                                         'cloud': 2,
                                         'condition': {'code': 1000,
                                                       'icon': '//cdn.weatherapi.com/weather/64x64/day/113.png',
                                                       'text': 'Sunny'},
                                         'dewpoint_c': 15.6,
                                         'dewpoint_f': 60.1,
                                         'feelslike_c': 33.9,
                                         'feelslike_f': 93.0,
                                         'gust_kph': 19.1,
                                         'gust_mph': 11.9,
                                         'heatindex_c': 33.9,
                                         'heatindex_f': 93.0,
                                         'humidity': 35,
                                         'is_day': 1,
                                         'precip_in': 0.0,
                                         'precip_mm': 0.0,
                                         'pressure_in': 29.47,
                                         'pressure_mb': 998.0,
                                         'temp_c': 33.4,
                                         'temp_f': 92.1,
                                         'time': '2023-06-23 05:00',
                                         'time_epoch': 1687478400,
                                         'uv': 8.0,
                                         'vis_km': 10.0,
                                         'vis_miles': 6.0,
                                         'will_it_rain': 0,
                                         'will_it_snow': 0,
                                         'wind_degree': 76,
                                         'wind_dir': 'ENE',
                                         'wind_kph': 10.1,
                                         'wind_mph': 6.3,
                                         'windchill_c': 33.4,
                                         'windchill_f': 92.1},
                                        {'chance_of_rain': 0,
                                         'chance_of_snow': 0,
                                         'cloud': 2,
                                         'condition': {'code': 1000,
                                                       'icon': '//cdn.weatherapi.com/weather/64x64/day/113.png',
                                                       'text': 'Sunny'},
                                         'dewpoint_c': 16.1,
                                         'dewpoint_f': 61.0,
                                         'feelslike_c': 35.0,
                                         'feelslike_f': 95.0,
                                         'gust_kph': 15.8,
                                         'gust_mph': 9.8,
                                         'heatindex_c': 35.0,
                                         'heatindex_f': 95.0,
                                         'humidity': 34,
                                         'is_day': 1,
                                         'precip_in': 0.0,
                                         'precip_mm': 0.0,
                                         'pressure_in': 29.49,
                                         'pressure_mb': 999.0,
                                         'temp_c': 34.2,
                                         'temp_f': 93.6,
                                         'time': '2023-06-23 06:00',
                                         'time_epoch': 1687482000,
                                         'uv': 8.0,
                                         'vis_km': 10.0,
                                         'vis_miles': 6.0,
                                         'will_it_rain': 0,
                                         'will_it_snow': 0,
                                         'wind_degree': 78,
                                         'wind_dir': 'ENE',
                                         'wind_kph': 9.7,
                                         'wind_mph': 6.0,
                                         'windchill_c': 34.2,
                                         'windchill_f': 93.6},
                                        {'chance_of_rain': 0,
                                         'chance_of_snow': 0,
                                         'cloud': 3,
                                         'condition': {'code': 1000,
                                                       'icon': '//cdn.weatherapi.com/weather/64x64/day/113.png',
                                                       'text': 'Sunny'},
                                         'dewpoint_c': 17.0,
                                         'dewpoint_f': 62.6,
                                         'feelslike_c': 38.3,
                                         'feelslike_f': 100.9,
                                         'gust_kph': 16.6,
                                         'gust_mph': 10.3,
                                         'heatindex_c': 38.3,
                                         'heatindex_f': 100.9,
                                         'humidity': 32,
                                         'is_day': 1,
                                         'precip_in': 0.0,
                                         'precip_mm': 0.0,
                                         'pressure_in': 29.5,
                                         'pressure_mb': 999.0,
                                         'temp_c': 36.6,
                                         'temp_f': 97.9,
                                         'time': '2023-06-23 07:00',
                                         'time_epoch': 1687485600,
                                         'uv': 9.0,
                                         'vis_km': 10.0,
                                         'vis_miles': 6.0,
                                         'will_it_rain': 0,
                                         'will_it_snow': 0,
                                         'wind_degree': 117,
                                         'wind_dir': 'ESE',
                                         'wind_kph': 14.4,
                                         'wind_mph': 8.9,
                                         'windchill_c': 36.6,
                                         'windchill_f': 97.9},
                                        {'chance_of_rain': 0,
                                         'chance_of_snow': 0,
                                         'cloud': 3,
                                         'condition': {'code': 1000,
                                                       'icon': '//cdn.weatherapi.com/weather/64x64/day/113.png',
                                                       'text': 'Sunny'},
                                         'dewpoint_c': 17.6,
                                         'dewpoint_f': 63.7,
                                         'feelslike_c': 40.4,
                                         'feelslike_f': 104.7,
                                         'gust_kph': 22.0,
                                         'gust_mph': 13.6,
                                         'heatindex_c': 40.4,
                                         'heatindex_f': 104.7,
                                         'humidity': 30,
                                         'is_day': 1,
                                         'precip_in': 0.0,
                                         'precip_mm': 0.0,
                                         'pressure_in': 29.51,
                                         'pressure_mb': 999.0,
                                         'temp_c': 38.0,
                                         'temp_f': 100.4,
                                         'time': '2023-06-23 08:00',
                                         'time_epoch': 1687489200,
                                         'uv': 9.0,
                                         'vis_km': 10.0,
                                         'vis_miles': 6.0,
                                         'will_it_rain': 0,
                                         'will_it_snow': 0,
                                         'wind_degree': 122,
                                         'wind_dir': 'ESE',
                                         'wind_kph': 19.1,
                                         'wind_mph': 11.9,
                                         'windchill_c': 38.0,
                                         'windchill_f': 100.4},
                                        {'chance_of_rain': 0,
                                         'chance_of_snow': 0,
                                         'cloud': 2,
                                         'condition': {'code': 1000,
                                                       'icon': '//cdn.weatherapi.com/weather/64x64/day/113.png',
                                                       'text': 'Sunny'},
                                         'dewpoint_c': 17.5,
                                         'dewpoint_f': 63.5,
                                         'feelslike_c': 42.1,
                                         'feelslike_f': 107.8,
                                         'gust_kph': 20.9,
                                         'gust_mph': 13.0,
                                         'heatindex_c': 42.1,
                                         'heatindex_f': 107.8,
                                         'humidity': 28,
                                         'is_day': 1,
                                         'precip_in': 0.0,
                                         'precip_mm': 0.0,
                                         'pressure_in': 29.51,
                                         'pressure_mb': 999.0,
                                         'temp_c': 39.5,
                                         'temp_f': 103.1,
                                         'time': '2023-06-23 09:00',
                                         'time_epoch': 1687492800,
                                         'uv': 9.0,
                                         'vis_km': 10.0,
                                         'vis_miles': 6.0,
                                         'will_it_rain': 0,
                                         'will_it_snow': 0,
                                         'wind_degree': 122,
                                         'wind_dir': 'ESE',
                                         'wind_kph': 18.0,
                                         'wind_mph': 11.2,
                                         'windchill_c': 39.5,
                                         'windchill_f': 103.1},
                                        {'chance_of_rain': 0,
                                         'chance_of_snow': 0,
                                         'cloud': 2,
                                         'condition': {'code': 1000,
                                                       'icon': '//cdn.weatherapi.com/weather/64x64/day/113.png',
                                                       'text': 'Sunny'},
                                         'dewpoint_c': 17.2,
                                         'dewpoint_f': 63.0,
                                         'feelslike_c': 43.6,
                                         'feelslike_f': 110.5,
                                         'gust_kph': 18.4,
                                         'gust_mph': 11.4,
                                         'heatindex_c': 43.6,
                                         'heatindex_f': 110.5,
                                         'humidity': 25,
                                         'is_day': 1,
                                         'precip_in': 0.0,
                                         'precip_mm': 0.0,
                                         'pressure_in': 29.49,
                                         'pressure_mb': 999.0,
                                         'temp_c': 41.0,
                                         'temp_f': 105.8,
                                         'time': '2023-06-23 10:00',
                                         'time_epoch': 1687496400,
                                         'uv': 10.0,
                                         'vis_km': 10.0,
                                         'vis_miles': 6.0,
                                         'will_it_rain': 0,
                                         'will_it_snow': 0,
                                         'wind_degree': 132,
                                         'wind_dir': 'SE',
                                         'wind_kph': 15.8,
                                         'wind_mph': 9.8,
                                         'windchill_c': 41.0,
                                         'windchill_f': 105.8},
                                        {'chance_of_rain': 0,
                                         'chance_of_snow': 0,
                                         'cloud': 3,
                                         'condition': {'code': 1000,
                                                       'icon': '//cdn.weatherapi.com/weather/64x64/day/113.png',
                                                       'text': 'Sunny'},
                                         'dewpoint_c': 18.9,
                                         'dewpoint_f': 66.0,
                                         'feelslike_c': 49.9,
                                         'feelslike_f': 121.8,
                                         'gust_kph': 15.8,
                                         'gust_mph': 9.8,
                                         'heatindex_c': 49.9,
                                         'heatindex_f': 121.8,
                                         'humidity': 23,
                                         'is_day': 1,
                                         'precip_in': 0.0,
                                         'precip_mm': 0.0,
                                         'pressure_in': 29.48,
                                         'pressure_mb': 998.0,
                                         'temp_c': 45.2,
                                         'temp_f': 113.4,
                                         'time': '2023-06-23 11:00',
                                         'time_epoch': 1687500000,
                                         'uv': 11.0,
                                         'vis_km': 10.0,
                                         'vis_miles': 6.0,
                                         'will_it_rain': 0,
                                         'will_it_snow': 0,
                                         'wind_degree': 147,
                                         'wind_dir': 'SSE',
                                         'wind_kph': 13.7,
                                         'wind_mph': 8.5,
                                         'windchill_c': 45.2,
                                         'windchill_f': 113.4},
                                        {'chance_of_rain': 0,
                                         'chance_of_snow': 0,
                                         'cloud': 4,
                                         'condition': {'code': 1000,
                                                       'icon': '//cdn.weatherapi.com/weather/64x64/day/113.png',
                                                       'text': 'Sunny'},
                                         'dewpoint_c': 18.1,
                                         'dewpoint_f': 64.6,
                                         'feelslike_c': 50.4,
                                         'feelslike_f': 122.7,
                                         'gust_kph': 13.7,
                                         'gust_mph': 8.5,
                                         'heatindex_c': 50.4,
                                         'heatindex_f': 122.7,
                                         'humidity': 20,
                                         'is_day': 1,
                                         'precip_in': 0.0,
                                         'precip_mm': 0.0,
                                         'pressure_in': 29.46,
                                         'pressure_mb': 998.0,
                                         'temp_c': 46.3,
                                         'temp_f': 115.3,
                                         'time': '2023-06-23 12:00',
                                         'time_epoch': 1687503600,
                                         'uv': 11.0,
                                         'vis_km': 10.0,
                                         'vis_miles': 6.0,
                                         'will_it_rain': 0,
                                         'will_it_snow': 0,
                                         'wind_degree': 166,
                                         'wind_dir': 'SSE',
                                         'wind_kph': 11.9,
                                         'wind_mph': 7.4,
                                         'windchill_c': 46.3,
                                         'windchill_f': 115.3},
                                        {'chance_of_rain': 0,
                                         'chance_of_snow': 0,
                                         'cloud': 5,
                                         'condition': {'code': 1000,
                                                       'icon': '//cdn.weatherapi.com/weather/64x64/day/113.png',
                                                       'text': 'Sunny'},
                                         'dewpoint_c': 16.9,
                                         'dewpoint_f': 62.4,
                                         'feelslike_c': 51.7,
                                         'feelslike_f': 125.1,
                                         'gust_kph': 13.3,
                                         'gust_mph': 8.3,
                                         'heatindex_c': 51.7,
                                         'heatindex_f': 125.1,
                                         'humidity': 18,
                                         'is_day': 1,
                                         'precip_in': 0.0,
                                         'precip_mm': 0.0,
                                         'pressure_in': 29.44,
                                         'pressure_mb': 997.0,
                                         'temp_c': 47.1,
                                         'temp_f': 116.8,
                                         'time': '2023-06-23 13:00',
                                         'time_epoch': 1687507200,
                                         'uv': 11.0,
                                         'vis_km': 10.0,
                                         'vis_miles': 6.0,
                                         'will_it_rain': 0,
                                         'will_it_snow': 0,
                                         'wind_degree': 188,
                                         'wind_dir': 'S',
                                         'wind_kph': 11.5,
                                         'wind_mph': 7.2,
                                         'windchill_c': 47.1,
                                         'windchill_f': 116.8},
                                        {'chance_of_rain': 0,
                                         'chance_of_snow': 0,
                                         'cloud': 4,
                                         'condition': {'code': 1000,
                                                       'icon': '//cdn.weatherapi.com/weather/64x64/day/113.png',
                                                       'text': 'Sunny'},
                                         'dewpoint_c': 16.2,
                                         'dewpoint_f': 61.2,
                                         'feelslike_c': 52.6,
                                         'feelslike_f': 126.7,
                                         'gust_kph': 13.7,
                                         'gust_mph': 8.5,
                                         'heatindex_c': 52.6,
                                         'heatindex_f': 126.7,
                                         'humidity': 17,
                                         'is_day': 1,
                                         'precip_in': 0.0,
                                         'precip_mm': 0.0,
                                         'pressure_in': 29.41,
                                         'pressure_mb': 996.0,
                                         'temp_c': 47.6,
                                         'temp_f': 117.7,
                                         'time': '2023-06-23 14:00',
                                         'time_epoch': 1687510800,
                                         'uv': 11.0,
                                         'vis_km': 10.0,
                                         'vis_miles': 6.0,
                                         'will_it_rain': 0,
                                         'will_it_snow': 0,
                                         'wind_degree': 205,
                                         'wind_dir': 'SSW',
                                         'wind_kph': 11.9,
                                         'wind_mph': 7.4,
                                         'windchill_c': 47.6,
                                         'windchill_f': 117.7},
                                        {'chance_of_rain': 0,
                                         'chance_of_snow': 0,
                                         'cloud': 3,
                                         'condition': {'code': 1000,
                                                       'icon': '//cdn.weatherapi.com/weather/64x64/day/113.png',
                                                       'text': 'Sunny'},
                                         'dewpoint_c': 15.6,
                                         'dewpoint_f': 60.1,
                                         'feelslike_c': 53.2,
                                         'feelslike_f': 127.8,
                                         'gust_kph': 14.0,
                                         'gust_mph': 8.7,
                                         'heatindex_c': 53.2,
                                         'heatindex_f': 127.8,
                                         'humidity': 16,
                                         'is_day': 1,
                                         'precip_in': 0.0,
                                         'precip_mm': 0.0,
                                         'pressure_in': 29.39,
                                         'pressure_mb': 995.0,
                                         'temp_c': 47.9,
                                         'temp_f': 118.2,
                                         'time': '2023-06-23 15:00',
                                         'time_epoch': 1687514400,
                                         'uv': 11.0,
                                         'vis_km': 10.0,
                                         'vis_miles': 6.0,
                                         'will_it_rain': 0,
                                         'will_it_snow': 0,
                                         'wind_degree': 216,
                                         'wind_dir': 'SW',
                                         'wind_kph': 12.2,
                                         'wind_mph': 7.6,
                                         'windchill_c': 47.9,
                                         'windchill_f': 118.2},
                                        {'chance_of_rain': 0,
                                         'chance_of_snow': 0,
                                         'cloud': 2,
                                         'condition': {'code': 1000,
                                                       'icon': '//cdn.weatherapi.com/weather/64x64/day/113.png',
                                                       'text': 'Sunny'},
                                         'dewpoint_c': 14.9,
                                         'dewpoint_f': 58.8,
                                         'feelslike_c': 53.4,
                                         'feelslike_f': 128.1,
                                         'gust_kph': 14.4,
                                         'gust_mph': 8.9,
                                         'heatindex_c': 53.4,
                                         'heatindex_f': 128.1,
                                         'humidity': 15,
                                         'is_day': 1,
                                         'precip_in': 0.0,
                                         'precip_mm': 0.0,
                                         'pressure_in': 29.37,
                                         'pressure_mb': 995.0,
                                         'temp_c': 48.0,
                                         'temp_f': 118.4,
                                         'time': '2023-06-23 16:00',
                                         'time_epoch': 1687518000,
                                         'uv': 11.0,
                                         'vis_km': 10.0,
                                         'vis_miles': 6.0,
                                         'will_it_rain': 0,
                                         'will_it_snow': 0,
                                         'wind_degree': 224,
                                         'wind_dir': 'SW',
                                         'wind_kph': 12.6,
                                         'wind_mph': 7.8,
                                         'windchill_c': 48.0,
                                         'windchill_f': 118.4},
                                        {'chance_of_rain': 0,
                                         'chance_of_snow': 0,
                                         'cloud': 2,
                                         'condition': {'code': 1000,
                                                       'icon': '//cdn.weatherapi.com/weather/64x64/day/113.png',
                                                       'text': 'Sunny'},
                                         'dewpoint_c': 14.1,
                                         'dewpoint_f': 57.4,
                                         'feelslike_c': 52.2,
                                         'feelslike_f': 126.0,
                                         'gust_kph': 14.0,
                                         'gust_mph': 8.7,
                                         'heatindex_c': 52.2,
                                         'heatindex_f': 126.0,
                                         'humidity': 15,
                                         'is_day': 1,
                                         'precip_in': 0.0,
                                         'precip_mm': 0.0,
                                         'pressure_in': 29.35,
                                         'pressure_mb': 994.0,
                                         'temp_c': 47.4,
                                         'temp_f': 117.3,
                                         'time': '2023-06-23 17:00',
                                         'time_epoch': 1687521600,
                                         'uv': 11.0,
                                         'vis_km': 10.0,
                                         'vis_miles': 6.0,
                                         'will_it_rain': 0,
                                         'will_it_snow': 0,
                                         'wind_degree': 229,
                                         'wind_dir': 'SW',
                                         'wind_kph': 12.2,
                                         'wind_mph': 7.6,
                                         'windchill_c': 47.4,
                                         'windchill_f': 117.3},
                                        {'chance_of_rain': 0,
                                         'chance_of_snow': 0,
                                         'cloud': 2,
                                         'condition': {'code': 1000,
                                                       'icon': '//cdn.weatherapi.com/weather/64x64/day/113.png',
                                                       'text': 'Sunny'},
                                         'dewpoint_c': 13.2,
                                         'dewpoint_f': 55.8,
                                         'feelslike_c': 49.7,
                                         'feelslike_f': 121.5,
                                         'gust_kph': 11.5,
                                         'gust_mph': 7.2,
                                         'heatindex_c': 49.7,
                                         'heatindex_f': 121.5,
                                         'humidity': 15,
                                         'is_day': 1,
                                         'precip_in': 0.0,
                                         'precip_mm': 0.0,
                                         'pressure_in': 29.36,
                                         'pressure_mb': 994.0,
                                         'temp_c': 46.0,
                                         'temp_f': 114.8,
                                         'time': '2023-06-23 18:00',
                                         'time_epoch': 1687525200,
                                         'uv': 11.0,
                                         'vis_km': 10.0,
                                         'vis_miles': 6.0,
                                         'will_it_rain': 0,
                                         'will_it_snow': 0,
                                         'wind_degree': 218,
                                         'wind_dir': 'SW',
                                         'wind_kph': 10.1,
                                         'wind_mph': 6.3,
                                         'windchill_c': 46.0,
                                         'windchill_f': 114.8},
                                        {'chance_of_rain': 0,
                                         'chance_of_snow': 0,
                                         'cloud': 0,
                                         'condition': {'code': 1000,
                                                       'icon': '//cdn.weatherapi.com/weather/64x64/day/113.png',
                                                       'text': 'Sunny'},
                                         'dewpoint_c': 13.3,
                                         'dewpoint_f': 55.9,
                                         'feelslike_c': 45.1,
                                         'feelslike_f': 113.2,
                                         'gust_kph': 9.4,
                                         'gust_mph': 5.8,
                                         'heatindex_c': 45.1,
                                         'heatindex_f': 113.2,
                                         'humidity': 17,
                                         'is_day': 1,
                                         'precip_in': 0.0,
                                         'precip_mm': 0.0,
                                         'pressure_in': 29.36,
                                         'pressure_mb': 994.0,
                                         'temp_c': 43.3,
                                         'temp_f': 109.9,
                                         'time': '2023-06-23 19:00',
                                         'time_epoch': 1687528800,
                                         'uv': 10.0,
                                         'vis_km': 10.0,
                                         'vis_miles': 6.0,
                                         'will_it_rain': 0,
                                         'will_it_snow': 0,
                                         'wind_degree': 195,
                                         'wind_dir': 'SSW',
                                         'wind_kph': 7.6,
                                         'wind_mph': 4.7,
                                         'windchill_c': 43.3,
                                         'windchill_f': 109.9},
                                        {'chance_of_rain': 0,
                                         'chance_of_snow': 0,
                                         'cloud': 0,
                                         'condition': {'code': 1000,
                                                       'icon': '//cdn.weatherapi.com/weather/64x64/night/113.png',
                                                       'text': 'Clear'},
                                         'dewpoint_c': 12.3,
                                         'dewpoint_f': 54.1,
                                         'feelslike_c': 41.4,
                                         'feelslike_f': 106.5,
                                         'gust_kph': 8.3,
                                         'gust_mph': 5.1,
                                         'heatindex_c': 41.4,
                                         'heatindex_f': 106.5,
                                         'humidity': 18,
                                         'is_day': 0,
                                         'precip_in': 0.0,
                                         'precip_mm': 0.0,
                                         'pressure_in': 29.36,
                                         'pressure_mb': 994.0,
                                         'temp_c': 41.0,
                                         'temp_f': 105.8,
                                         'time': '2023-06-23 20:00',
                                         'time_epoch': 1687532400,
                                         'uv': 1.0,
                                         'vis_km': 10.0,
                                         'vis_miles': 6.0,
                                         'will_it_rain': 0,
                                         'will_it_snow': 0,
                                         'wind_degree': 164,
                                         'wind_dir': 'SSE',
                                         'wind_kph': 4.7,
                                         'wind_mph': 2.9,
                                         'windchill_c': 41.0,
                                         'windchill_f': 105.8},
                                        {'chance_of_rain': 0,
                                         'chance_of_snow': 0,
                                         'cloud': 0,
                                         'condition': {'code': 1000,
                                                       'icon': '//cdn.weatherapi.com/weather/64x64/night/113.png',
                                                       'text': 'Clear'},
                                         'dewpoint_c': 12.7,
                                         'dewpoint_f': 54.9,
                                         'feelslike_c': 39.9,
                                         'feelslike_f': 103.8,
                                         'gust_kph': 10.8,
                                         'gust_mph': 6.7,
                                         'heatindex_c': 39.9,
                                         'heatindex_f': 103.8,
                                         'humidity': 20,
                                         'is_day': 0,
                                         'precip_in': 0.0,
                                         'precip_mm': 0.0,
                                         'pressure_in': 29.38,
                                         'pressure_mb': 995.0,
                                         'temp_c': 40.0,
                                         'temp_f': 104.0,
                                         'time': '2023-06-23 21:00',
                                         'time_epoch': 1687536000,
                                         'uv': 1.0,
                                         'vis_km': 10.0,
                                         'vis_miles': 6.0,
                                         'will_it_rain': 0,
                                         'will_it_snow': 0,
                                         'wind_degree': 101,
                                         'wind_dir': 'ESE',
                                         'wind_kph': 5.8,
                                         'wind_mph': 3.6,
                                         'windchill_c': 40.0,
                                         'windchill_f': 104.0},
                                        {'chance_of_rain': 0,
                                         'chance_of_snow': 0,
                                         'cloud': 0,
                                         'condition': {'code': 1000,
                                                       'icon': '//cdn.weatherapi.com/weather/64x64/night/113.png',
                                                       'text': 'Clear'},
                                         'dewpoint_c': 13.8,
                                         'dewpoint_f': 56.8,
                                         'feelslike_c': 38.5,
                                         'feelslike_f': 101.3,
                                         'gust_kph': 21.2,
                                         'gust_mph': 13.2,
                                         'heatindex_c': 38.5,
                                         'heatindex_f': 101.3,
                                         'humidity': 23,
                                         'is_day': 0,
                                         'precip_in': 0.0,
                                         'precip_mm': 0.0,
                                         'pressure_in': 29.39,
                                         'pressure_mb': 995.0,
                                         'temp_c': 38.3,
                                         'temp_f': 100.9,
                                         'time': '2023-06-23 22:00',
                                         'time_epoch': 1687539600,
                                         'uv': 1.0,
                                         'vis_km': 10.0,
                                         'vis_miles': 6.0,
                                         'will_it_rain': 0,
                                         'will_it_snow': 0,
                                         'wind_degree': 88,
                                         'wind_dir': 'E',
                                         'wind_kph': 11.5,
                                         'wind_mph': 7.2,
                                         'windchill_c': 38.3,
                                         'windchill_f': 100.9},
                                        {'chance_of_rain': 0,
                                         'chance_of_snow': 0,
                                         'cloud': 0,
                                         'condition': {'code': 1000,
                                                       'icon': '//cdn.weatherapi.com/weather/64x64/night/113.png',
                                                       'text': 'Clear'},
                                         'dewpoint_c': 15.1,
                                         'dewpoint_f': 59.2,
                                         'feelslike_c': 37.8,
                                         'feelslike_f': 100.0,
                                         'gust_kph': 21.6,
                                         'gust_mph': 13.4,
                                         'heatindex_c': 37.8,
                                         'heatindex_f': 100.0,
                                         'humidity': 27,
                                         'is_day': 0,
                                         'precip_in': 0.0,
                                         'precip_mm': 0.0,
                                         'pressure_in': 29.4,
                                         'pressure_mb': 996.0,
                                         'temp_c': 37.1,
                                         'temp_f': 98.8,
                                         'time': '2023-06-23 23:00',
                                         'time_epoch': 1687543200,
                                         'uv': 1.0,
                                         'vis_km': 10.0,
                                         'vis_miles': 6.0,
                                         'will_it_rain': 0,
                                         'will_it_snow': 0,
                                         'wind_degree': 74,
                                         'wind_dir': 'ENE',
                                         'wind_kph': 11.5,
                                         'wind_mph': 7.2,
                                         'windchill_c': 37.1,
                                         'windchill_f': 98.8}]}]},
 'location': {'country': 'Pakistan',
              'lat': 33.7,
              'localtime': '2023-07-24 1:33',
              'localtime_epoch': 1690144411,
              'lon': 73.17,
              'name': 'Islamabad',
              'region': 'Islamabad',
              'tz_id': 'Asia/Karachi'}}
